/*C15*/SET SCHEMA PUBLIC
DELETE FROM USERS WHERE ID=1001
COMMIT
INSERT INTO USERS VALUES(1000,'Bill','Gates','1968-04-26')
COMMIT
INSERT INTO USERS VALUES(1001,'George','Bush','1949-08-17')
COMMIT
DISCONNECT
/*C16*/SET SCHEMA PUBLIC
INSERT INTO USERS VALUES(1027,'Ruslan','Muzyka','1999-08-11')
COMMIT
DISCONNECT
/*C17*/SET SCHEMA PUBLIC
DELETE FROM USERS WHERE ID=1000
DELETE FROM USERS WHERE ID=1001
DELETE FROM USERS WHERE ID=1027
COMMIT
INSERT INTO USERS VALUES(1000,'Bill','Gates','1968-04-26')
COMMIT
INSERT INTO USERS VALUES(1001,'George','Bush','1949-08-17')
COMMIT
DISCONNECT
/*C18*/SET SCHEMA PUBLIC
DISCONNECT
/*C19*/SET SCHEMA PUBLIC
DELETE FROM USERS WHERE ID=1000
DELETE FROM USERS WHERE ID=1001
COMMIT
INSERT INTO USERS VALUES(1000,'Bill','Gates','1968-04-26')
COMMIT
INSERT INTO USERS VALUES(1001,'George','Bush','1949-08-17')
COMMIT
DISCONNECT
/*C20*/SET SCHEMA PUBLIC
DISCONNECT
/*C21*/SET SCHEMA PUBLIC
DELETE FROM USERS WHERE ID=1000
INSERT INTO USERS VALUES(1000,'Ruslan','Muzyka','1999-04-11')
COMMIT
DISCONNECT
/*C22*/SET SCHEMA PUBLIC
DISCONNECT
/*C23*/SET SCHEMA PUBLIC
DELETE FROM USERS WHERE ID=1000
DELETE FROM USERS WHERE ID=1001
COMMIT
INSERT INTO USERS VALUES(1000,'Bill','Gates','1968-04-26')
COMMIT
INSERT INTO USERS VALUES(1001,'George','Bush','1949-08-17')
COMMIT
DISCONNECT
/*C24*/SET SCHEMA PUBLIC
DISCONNECT
/*C25*/SET SCHEMA PUBLIC
DELETE FROM USERS WHERE ID=1000
DELETE FROM USERS WHERE ID=1001
COMMIT
INSERT INTO USERS VALUES(1000,'Bill','Gates','1968-04-26')
COMMIT
INSERT INTO USERS VALUES(1001,'George','Bush','1949-08-17')
COMMIT
DISCONNECT
/*C26*/SET SCHEMA PUBLIC
DELETE FROM USERS WHERE ID=1000
COMMIT
DISCONNECT
/*C27*/SET SCHEMA PUBLIC
DISCONNECT
